<?xml version="1.0" encoding="UTF-8"?>
<!-- Generated by org.testng.reporters.JUnitXMLReporter -->
<testsuite ignored="0" hostname="Davids-MBP" failures="0" tests="3" name="AuthTest" time="5.242" errors="0" timestamp="2025-01-02T11:20:11 GMT">
  <testcase classname="api.tests.AuthServiceTest" name="testSuccessfulAuthentication" time="3.722"/>
  <testcase classname="api.tests.AuthServiceTest" name="testAuthenticationWithInvalidCredentials" time="0.529"/>
  <testcase classname="api.tests.AuthServiceTest" name="testServerErrorDuringAuthentication" time="0.629"/>
</testsuite> <!-- AuthTest -->
