<?xml version="1.0" encoding="UTF-8"?>
<!-- Generated by org.testng.reporters.JUnitXMLReporter -->
<testsuite ignored="0" hostname="Davids-MBP" failures="0" tests="3" name="AuthTest" time="2.675" errors="0" timestamp="2025-01-02T10:30:37 GMT">
  <testcase classname="api.tests.AuthServiceTest" name="testSuccessfulAuthentication" time="1.391"/>
  <testcase classname="api.tests.AuthServiceTest" name="testAuthenticationWithInvalidCredentials" time="0.507"/>
  <testcase classname="api.tests.AuthServiceTest" name="testServerErrorDuringAuthentication" time="0.521"/>
</testsuite> <!-- AuthTest -->
