<?xml version="1.0" encoding="UTF-8"?>
<!-- Generated by org.testng.reporters.JUnitXMLReporter -->
<testsuite ignored="0" hostname="Davids-MBP" failures="0" tests="5" name="ExcelTest" time="3.151" errors="0" timestamp="2025-01-02T10:30:46 GMT">
  <testcase classname="api.tests.VideoServiceDD" name="testPostVideo" time="0.616"/>
  <testcase classname="api.tests.VideoServiceDD" name="testGetVideoById" time="0.575"/>
  <testcase classname="api.tests.VideoServiceDD" name="testPutVideo" time="0.552"/>
  <testcase classname="api.tests.VideoServiceDD" name="testDeleteVideo" time="0.568"/>
  <testcase classname="api.tests.VideoServiceDD" name="testInvalidPostVideo" time="0.519"/>
</testsuite> <!-- ExcelTest -->
