<?xml version="1.0" encoding="UTF-8"?>
<!-- Generated by org.testng.reporters.JUnitXMLReporter -->
<testsuite ignored="0" hostname="Davids-MBP" failures="0" tests="5" name="ExcelTest" time="2.842" errors="0" timestamp="2025-01-02T12:28:13 GMT">
  <testcase classname="api.tests.VideoServiceDD" name="testPostVideo" time="0.54"/>
  <testcase classname="api.tests.VideoServiceDD" name="testGetVideoById" time="0.497"/>
  <testcase classname="api.tests.VideoServiceDD" name="testPutVideo" time="0.473"/>
  <testcase classname="api.tests.VideoServiceDD" name="testDeleteVideo" time="0.492"/>
  <testcase classname="api.tests.VideoServiceDD" name="testInvalidPostVideo" time="0.508"/>
</testsuite> <!-- ExcelTest -->
