<?xml version="1.0" encoding="UTF-8"?>
<!-- Generated by org.testng.reporters.JUnitXMLReporter -->
<testsuite ignored="0" hostname="Davids-MBP" failures="0" tests="6" name="ServiceTest" time="3.734" errors="0" timestamp="2025-01-02T13:08:13 GMT">
  <testcase classname="api.tests.VideoServiceTest" name="testPostVideo" time="1.064"/>
  <testcase classname="api.tests.VideoServiceTest" name="testGetVideoById" time="0.532"/>
  <testcase classname="api.tests.VideoServiceTest" name="testPutVideo" time="0.571"/>
  <testcase classname="api.tests.VideoServiceTest" name="testDeleteVideo" time="0.512"/>
  <testcase classname="api.tests.VideoServiceTest" name="testPostVideoWithInvalidToken" time="0.533"/>
  <testcase classname="api.tests.VideoServiceTest" name="testPostVideoWithMissingFields" time="0.509"/>
</testsuite> <!-- ServiceTest -->
