<?xml version="1.0" encoding="UTF-8"?>
<!-- Generated by org.testng.reporters.JUnitXMLReporter -->
<testsuite ignored="0" hostname="Davids-MBP" failures="0" tests="6" name="ServiceTest" time="3.343" errors="0" timestamp="2025-01-02T12:28:10 GMT">
  <testcase classname="api.tests.VideoServiceTest" name="testPostVideo" time="0.993"/>
  <testcase classname="api.tests.VideoServiceTest" name="testGetVideoById" time="0.443"/>
  <testcase classname="api.tests.VideoServiceTest" name="testPutVideo" time="0.487"/>
  <testcase classname="api.tests.VideoServiceTest" name="testDeleteVideo" time="0.452"/>
  <testcase classname="api.tests.VideoServiceTest" name="testPostVideoWithInvalidToken" time="0.466"/>
  <testcase classname="api.tests.VideoServiceTest" name="testPostVideoWithMissingFields" time="0.488"/>
</testsuite> <!-- ServiceTest -->
