<?xml version="1.0" encoding="UTF-8"?>
<testsuite xmlns:xsi="http://www.w3.org/2001/XMLSchema-instance" xsi:noNamespaceSchemaLocation="https://maven.apache.org/surefire/maven-surefire-plugin/xsd/surefire-test-report.xsd" version="3.0.2" name="TestSuite" time="11.145" tests="16" errors="0" skipped="0" failures="0">
  <properties>
[...]
</properties>
  <testcase name="testSuccessfulAuthentication" classname="api.tests.AuthServiceTest" time="1.393">
    <system-out><![CDATA[Test Suite started: AuthTest
Extent Report will be available at: /Users/daviddornyoh/Documents/AutomationTesting/reports/ExtentReport_20250102_103035.html
Setting up base URI...
Base URI set to: https://www.videogamedb.uk:443/api
Starting Test: testSuccessfulAuthentication
Running test: testSuccessfulAuthentication
Sending request to authenticate with valid credentials...
Response status code: 200
Response body: {"token":"eyJhbGciOiJIUzI1NiJ9.eyJzdWIiOiJhZG1pbiIsImlhdCI6MTczNTgxMzgzNiwiZXhwIjoxNzM1ODE3NDM2fQ.pMnkmFRagzHdgb9IVNCi9qDsX4l5Gr-PRMwFNbPPDjs"}
Test successful authentication passed.
Test Passed: testSuccessfulAuthentication
]]></system-out>
    <system-err><![CDATA[SLF4J: Failed to load class "org.slf4j.impl.StaticLoggerBinder".
SLF4J: Defaulting to no-operation (NOP) logger implementation
SLF4J: See http://www.slf4j.org/codes.html#StaticLoggerBinder for further details.
]]></system-err>
  </testcase>
  <testcase name="testAuthenticationWithInvalidCredentials" classname="api.tests.AuthServiceTest" time="0.506">
    <system-out><![CDATA[Starting Test: testAuthenticationWithInvalidCredentials
Running test: testAuthenticationWithInvalidCredentials
Sending request to authenticate with invalid credentials...
Response status code: 403
Response body: {"timestamp":"2025-01-02T10:30:37.463+00:00","status":403,"error":"Forbidden","path":"/api/authenticate"}
Test authentication with invalid credentials passed.
Test Passed: testAuthenticationWithInvalidCredentials
]]></system-out>
  </testcase>
  <testcase name="testServerErrorDuringAuthentication" classname="api.tests.AuthServiceTest" time="0.522">
    <system-out><![CDATA[Starting Test: testServerErrorDuringAuthentication
Running test: testServerErrorDuringAuthentication
Sending request with malformed payload to trigger server error...
Response status code: 400
Response body: {"timestamp":"2025-01-02T10:30:37.984+00:00","status":400,"error":"Bad Request","path":"/api/authenticate"}
Test server error during authentication passed.
Test Passed: testServerErrorDuringAuthentication
]]></system-out>
  </testcase>
  <testcase name="testPostVideo" classname="api.tests.VideoServiceTest" time="1.093">
    <system-out><![CDATA[Test Suite finished: AuthTest
Extent Report generated at: /Users/daviddornyoh/Documents/AutomationTesting/reports/ExtentReport_20250102_103035.html
Test Suite started: ServiceTest
Starting Test: testPostVideo
Request method:	POST
Request URI:	https://www.videogamedb.uk:443/api/videogame
Proxy:			<none>
Request params:	<none>
Query params:	<none>
Form params:	<none>
Path params:	<none>
Headers:		Authorization=Bearer eyJhbGciOiJIUzI1NiJ9.eyJzdWIiOiJhZG1pbiIsImlhdCI6MTczNTgxMzgzOCwiZXhwIjoxNzM1ODE3NDM4fQ.V68VMXRh_99RLn53eKgi3MYlTK-IiGkgfRYlA9H5jw8
				Accept=*/*
				Content-Type=application/json
Cookies:		<none>
Multiparts:		<none>
Body:
{
    "id": "147",
    "category": "Platform",
    "name": "Mario",
    "rating": "Mature",
    "releaseDate": "2012-05-04",
    "reviewScore": 89
}
Response Status Code: 200
Response Body: {"id":0,"name":"Mario","releaseDate":"2012-05-04","reviewScore":89,"category":"Platform","rating":"Mature"}
Test Passed: testPostVideo
]]></system-out>
  </testcase>
  <testcase name="testGetVideoById" classname="api.tests.VideoServiceTest" time="0.554">
    <system-out><![CDATA[Starting Test: testGetVideoById
Request method:	GET
Request URI:	https://www.videogamedb.uk:443/api/videogame/1
Proxy:			<none>
Request params:	<none>
Query params:	<none>
Form params:	<none>
Path params:	<none>
Headers:		Authorization=Bearer eyJhbGciOiJIUzI1NiJ9.eyJzdWIiOiJhZG1pbiIsImlhdCI6MTczNTgxMzgzOCwiZXhwIjoxNzM1ODE3NDM4fQ.V68VMXRh_99RLn53eKgi3MYlTK-IiGkgfRYlA9H5jw8
				Accept=*/*
Cookies:		<none>
Multiparts:		<none>
Body:			<none>
Response Status Code: 200
Response Body: {"id":1,"name":"Resident Evil 4","releaseDate":"2005-10-01 23:59:59","reviewScore":85,"category":"Shooter","rating":"Universal"}
Test Passed: testGetVideoById
]]></system-out>
  </testcase>
  <testcase name="testPutVideo" classname="api.tests.VideoServiceTest" time="0.549">
    <system-out><![CDATA[Starting Test: testPutVideo
Request method:	PUT
Request URI:	https://www.videogamedb.uk:443/api/videogame/1
Proxy:			<none>
Request params:	<none>
Query params:	<none>
Form params:	<none>
Path params:	<none>
Headers:		Authorization=Bearer eyJhbGciOiJIUzI1NiJ9.eyJzdWIiOiJhZG1pbiIsImlhdCI6MTczNTgxMzgzOCwiZXhwIjoxNzM1ODE3NDM4fQ.V68VMXRh_99RLn53eKgi3MYlTK-IiGkgfRYlA9H5jw8
				Accept=*/*
				Content-Type=application/json
Cookies:		<none>
Multiparts:		<none>
Body:
{
    "id": "1",
    "category": "Platform",
    "name": "Super Mario",
    "rating": "Mature",
    "releaseDate": "2012-06-01",
    "reviewScore": 90
}
Response Status Code: 200
Response Body: {"id":1,"name":"Super Mario","releaseDate":"2012-06-01","reviewScore":90,"category":"Platform","rating":"Mature"}
Test Passed: testPutVideo
]]></system-out>
  </testcase>
  <testcase name="testDeleteVideo" classname="api.tests.VideoServiceTest" time="0.521">
    <system-out><![CDATA[Starting Test: testDeleteVideo
Request method:	DELETE
Request URI:	https://www.videogamedb.uk:443/api/videogame/1
Proxy:			<none>
Request params:	<none>
Query params:	<none>
Form params:	<none>
Path params:	<none>
Headers:		Authorization=Bearer eyJhbGciOiJIUzI1NiJ9.eyJzdWIiOiJhZG1pbiIsImlhdCI6MTczNTgxMzgzOCwiZXhwIjoxNzM1ODE3NDM4fQ.V68VMXRh_99RLn53eKgi3MYlTK-IiGkgfRYlA9H5jw8
				Accept=*/*
Cookies:		<none>
Multiparts:		<none>
Body:			<none>
Response Status Code: 200
Response Body: Video game deleted
Test Passed: testDeleteVideo
]]></system-out>
  </testcase>
  <testcase name="testPostVideoWithInvalidToken" classname="api.tests.VideoServiceTest" time="0.513">
    <system-out><![CDATA[Starting Test: testPostVideoWithInvalidToken
Request method:	POST
Request URI:	https://www.videogamedb.uk:443/api/videogame
Proxy:			<none>
Request params:	<none>
Query params:	<none>
Form params:	<none>
Path params:	<none>
Headers:		Authorization=Bearer invalid_token
				Accept=*/*
				Content-Type=application/json
Cookies:		<none>
Multiparts:		<none>
Body:
{
    "id": "999",
    "category": "Platform",
    "name": "InvalidTokenTest",
    "rating": "Everyone",
    "releaseDate": "2025-01-01",
    "reviewScore": 50
}
Response: {"timestamp":"2025-01-02T10:30:41.425+00:00","status":500,"error":"Internal Server Error","path":"/api/videogame"}
Test Passed: testPostVideoWithInvalidToken
]]></system-out>
  </testcase>
  <testcase name="testPostVideoWithMissingFields" classname="api.tests.VideoServiceTest" time="0.519">
    <system-out><![CDATA[Starting Test: testPostVideoWithMissingFields
Request method:	POST
Request URI:	https://www.videogamedb.uk:443/api/videogame
Proxy:			<none>
Request params:	<none>
Query params:	<none>
Form params:	<none>
Path params:	<none>
Headers:		Authorization=Bearer eyJhbGciOiJIUzI1NiJ9.eyJzdWIiOiJhZG1pbiIsImlhdCI6MTczNTgxMzgzOCwiZXhwIjoxNzM1ODE3NDM4fQ.V68VMXRh_99RLn53eKgi3MYlTK-IiGkgfRYlA9H5jw8
				Accept=*/*
				Content-Type=application/json
Cookies:		<none>
Multiparts:		<none>
Body:
{
    "id": null,
    "category": "Platform",
    "name": null,
    "rating": null,
    "releaseDate": null,
    "reviewScore": 0
}
Response: {"timestamp":"2025-01-02T10:30:41.941+00:00","status":400,"error":"Bad Request","path":"/api/videogame"}
Test Passed: testPostVideoWithMissingFields
]]></system-out>
  </testcase>
  <testcase name="testPostVideoWithInvalidDataFormat" classname="api.tests.VideoServiceTest" time="0.54">
    <system-out><![CDATA[Starting Test: testPostVideoWithInvalidDataFormat
Request method:	POST
Request URI:	https://www.videogamedb.uk:443/api/videogame
Proxy:			<none>
Request params:	<none>
Query params:	<none>
Form params:	<none>
Path params:	<none>
Headers:		Authorization=Bearer eyJhbGciOiJIUzI1NiJ9.eyJzdWIiOiJhZG1pbiIsImlhdCI6MTczNTgxMzgzOCwiZXhwIjoxNzM1ODE3NDM4fQ.V68VMXRh_99RLn53eKgi3MYlTK-IiGkgfRYlA9H5jw8
				Accept=*/*
				Content-Type=application/json
Cookies:		<none>
Multiparts:		<none>
Body:
{
    "category": "Platform",
    "name": "TestGame",
    "rating": "Everyone",
    "releaseDate": "2025-01-01",
    "reviewScore": "invalid_score",
    "id": "999"
}
Response: {"timestamp":"2025-01-02T10:30:42.486+00:00","status":400,"error":"Bad Request","path":"/api/videogame"}
Test Passed: testPostVideoWithInvalidDataFormat
]]></system-out>
  </testcase>
  <testcase name="testGetNonExistentVideoById" classname="api.tests.VideoServiceTest" time="0.551">
    <system-out><![CDATA[Starting Test: testGetNonExistentVideoById
Request method:	GET
Request URI:	https://www.videogamedb.uk:443/api/videogame/99999
Proxy:			<none>
Request params:	<none>
Query params:	<none>
Form params:	<none>
Path params:	<none>
Headers:		Authorization=Bearer eyJhbGciOiJIUzI1NiJ9.eyJzdWIiOiJhZG1pbiIsImlhdCI6MTczNTgxMzgzOCwiZXhwIjoxNzM1ODE3NDM4fQ.V68VMXRh_99RLn53eKgi3MYlTK-IiGkgfRYlA9H5jw8
				Accept=*/*
Cookies:		<none>
Multiparts:		<none>
Body:			<none>
Response: {"timestamp":"2025-01-02T10:30:43.037+00:00","status":404,"error":"Not Found","path":"/api/videogame/99999"}
Test Passed: testGetNonExistentVideoById
]]></system-out>
  </testcase>
  <testcase name="testPostVideo" classname="api.tests.VideoServiceDD" time="0.616">
    <system-out><![CDATA[Test Suite finished: ServiceTest
Extent Report generated at: /Users/daviddornyoh/Documents/AutomationTesting/reports/ExtentReport_20250102_103035.html
Test Suite started: ExcelTest
2025-01-02T10:30:42.867357Z main ERROR Log4j2 could not find a logging implementation. Please add log4j-core to the classpath. Using SimpleLogger to log to the console...
Starting Test: testPostVideo
Test Passed: testPostVideo
]]></system-out>
  </testcase>
  <testcase name="testGetVideoById" classname="api.tests.VideoServiceDD" time="0.575">
    <system-out><![CDATA[Starting Test: testGetVideoById
Test Passed: testGetVideoById
]]></system-out>
  </testcase>
  <testcase name="testPutVideo" classname="api.tests.VideoServiceDD" time="0.552">
    <system-out><![CDATA[Starting Test: testPutVideo
Test Passed: testPutVideo
]]></system-out>
  </testcase>
  <testcase name="testDeleteVideo" classname="api.tests.VideoServiceDD" time="0.568">
    <system-out><![CDATA[Starting Test: testDeleteVideo
Test Passed: testDeleteVideo
]]></system-out>
  </testcase>
  <testcase name="testInvalidPostVideo" classname="api.tests.VideoServiceDD" time="0.519">
    <system-out><![CDATA[Starting Test: testInvalidPostVideo
Test Passed: testInvalidPostVideo
]]></system-out>
  </testcase>
</testsuite>